{
  "RSpec": {
    "coverage": {
      "/Users/benjaminlee/turing/2module/projects/LaughTracks/config/environment.rb": [
        1,
        1,
        null,
        null,
        1,
        null,
        null,
        2,
        null,
        null,
        3,
        null,
        null,
        1,
        null,
        null,
        1,
        1,
        1,
        1,
        1,
        null,
        null
      ],
      "/Users/benjaminlee/turing/2module/projects/LaughTracks/app/controllers/laugh_tracks_app.rb": [
        null,
        1,
        1,
        null,
        1,
        0,
        0,
        0,
        0,
        0,
        0,
        0,
        0,
        null,
        null,
        1,
        0,
        null,
        null,
        1,
        0,
        0,
        null,
        null,
        null,
        null,
        null,
        1,
        null,
        null,
        null
      ],
      "/Users/benjaminlee/turing/2module/projects/LaughTracks/app/models/special.rb": [
        1,
        1,
        1,
        1,
        2,
        null,
        1,
        2,
        2,
        1,
        1,
        1,
        1,
        null,
        1,
        1,
        null,
        2,
        null,
        null
      ],
      "/Users/benjaminlee/turing/2module/projects/LaughTracks/app/models/comedian.rb": [
        1,
        1,
        1,
        1,
        null,
        1,
        5,
        5,
        1,
        1,
        1,
        1,
        null,
        4,
        4,
        4,
        null,
        null,
        5,
        null,
        1,
        null,
        1,
        null,
        1,
        null,
        5,
        null,
        null,
        1,
        2,
        2,
        null,
        1,
        3,
        2,
        null,
        1,
        5,
        null,
        1,
        5,
        null,
        null
      ],
      "/Users/benjaminlee/turing/2module/projects/LaughTracks/config/database.rb": [
        null,
        1,
        1,
        null,
        null,
        1,
        1,
        null,
        null,
        null,
        null,
        null,
        null,
        null
      ],
      "/Users/benjaminlee/turing/2module/projects/LaughTracks/spec/models/comedian_spec.rb": [
        1,
        1,
        1,
        1,
        1,
        1,
        null,
        null,
        1,
        1,
        1,
        null,
        null,
        null,
        1,
        1,
        1,
        null,
        1,
        1,
        1,
        null,
        null,
        1,
        1,
        1,
        1,
        1,
        1,
        1,
        1,
        null,
        null,
        null,
        1,
        1,
        7,
        7,
        7,
        7,
        7,
        7,
        7,
        null,
        1,
        1,
        null,
        1,
        null,
        1,
        null,
        1,
        1,
        1,
        null,
        null,
        null,
        null,
        1,
        null,
        1,
        1,
        1,
        null,
        null,
        null,
        null,
        1,
        null,
        1,
        1,
        1,
        1,
        1,
        null,
        1,
        1,
        1,
        1,
        1,
        null,
        1,
        1,
        1,
        1,
        1,
        null,
        null,
        null
      ],
      "/Users/benjaminlee/turing/2module/projects/LaughTracks/spec/models/special_spec.rb": [
        1,
        1,
        1,
        1,
        null,
        1,
        1,
        null,
        null,
        null,
        null,
        1,
        1,
        1,
        1,
        1,
        null,
        null,
        1,
        1,
        2,
        2,
        2,
        null,
        2,
        2,
        null,
        2,
        2,
        2,
        2,
        null,
        2,
        2,
        2,
        2,
        2,
        2,
        null,
        null,
        1,
        1,
        1,
        null,
        null,
        null,
        1,
        null,
        1,
        1,
        1,
        null,
        null,
        null,
        1,
        null,
        null,
        null,
        null
      ]
    },
    "timestamp": 1543603194
  }
}
